This is pdfTeX, Version 3.14159265-2.6-1.40.16 (TeX Live 2016/dev) (preloaded format=pdflatex 2015.9.7)  5 APR 2016 10:59
entering extended mode
 restricted \write18 enabled.
 %&-line parsing enabled.
**direct-wavelet.tex
(./direct-wavelet.tex
LaTeX2e <2015/01/01> patch level 2
Babel <3.9l> and hyphenation patterns for 2 languages loaded.
(/usr/share/texlive/texmf-dist/tex/latex/base/article.cls
Document Class: article 2014/09/29 v1.4h Standard LaTeX document class
(/usr/share/texlive/texmf-dist/tex/latex/base/size10.clo
File: size10.clo 2014/09/29 v1.4h Standard LaTeX file (size option)
)
\c@part=\count79
\c@section=\count80
\c@subsection=\count81
\c@subsubsection=\count82
\c@paragraph=\count83
\c@subparagraph=\count84
\c@figure=\count85
\c@table=\count86
\abovecaptionskip=\skip41
\belowcaptionskip=\skip42
\bibindent=\dimen102
)
(/usr/share/texlive/texmf-dist/tex/latex/amsmath/amsmath.sty
Package: amsmath 2013/01/14 v2.14 AMS math features
\@mathmargin=\skip43

For additional information on amsmath, use the `?' option.
(/usr/share/texlive/texmf-dist/tex/latex/amsmath/amstext.sty
Package: amstext 2000/06/29 v2.01

(/usr/share/texlive/texmf-dist/tex/latex/amsmath/amsgen.sty
File: amsgen.sty 1999/11/30 v2.0
\@emptytoks=\toks14
\ex@=\dimen103
))
(/usr/share/texlive/texmf-dist/tex/latex/amsmath/amsbsy.sty
Package: amsbsy 1999/11/29 v1.2d
\pmbraise@=\dimen104
)
(/usr/share/texlive/texmf-dist/tex/latex/amsmath/amsopn.sty
Package: amsopn 1999/12/14 v2.01 operator names
)
\inf@bad=\count87
LaTeX Info: Redefining \frac on input line 210.
\uproot@=\count88
\leftroot@=\count89
LaTeX Info: Redefining \overline on input line 306.
\classnum@=\count90
\DOTSCASE@=\count91
LaTeX Info: Redefining \ldots on input line 378.
LaTeX Info: Redefining \dots on input line 381.
LaTeX Info: Redefining \cdots on input line 466.
\Mathstrutbox@=\box26
\strutbox@=\box27
\big@size=\dimen105
LaTeX Font Info:    Redeclaring font encoding OML on input line 566.
LaTeX Font Info:    Redeclaring font encoding OMS on input line 567.
\macc@depth=\count92
\c@MaxMatrixCols=\count93
\dotsspace@=\muskip10
\c@parentequation=\count94
\dspbrk@lvl=\count95
\tag@help=\toks15
\row@=\count96
\column@=\count97
\maxfields@=\count98
\andhelp@=\toks16
\eqnshift@=\dimen106
\alignsep@=\dimen107
\tagshift@=\dimen108
\tagwidth@=\dimen109
\totwidth@=\dimen110
\lineht@=\dimen111
\@envbody=\toks17
\multlinegap=\skip44
\multlinetaggap=\skip45
\mathdisplay@stack=\toks18
LaTeX Info: Redefining \[ on input line 2665.
LaTeX Info: Redefining \] on input line 2666.
)
(/usr/share/texlive/texmf-dist/tex/latex/amsfonts/amsfonts.sty
Package: amsfonts 2013/01/14 v3.01 Basic AMSFonts support
\symAMSa=\mathgroup4
\symAMSb=\mathgroup5
LaTeX Font Info:    Overwriting math alphabet `\mathfrak' in version `bold'
(Font)                  U/euf/m/n --> U/euf/b/n on input line 106.
)
(/usr/share/texlive/texmf-dist/tex/latex/amsfonts/amssymb.sty
Package: amssymb 2013/01/14 v3.01 AMS font symbols
)
(/usr/share/texlive/texmf-dist/tex/latex/graphics/color.sty
Package: color 2014/10/28 v1.1a Standard LaTeX Color (DPC)

(/usr/share/texlive/texmf-dist/tex/latex/latexconfig/color.cfg
File: color.cfg 2007/01/18 v1.5 color configuration of teTeX/TeXLive
)
Package color Info: Driver file: pdftex.def on input line 142.

(/usr/share/texlive/texmf-dist/tex/latex/pdftex-def/pdftex.def
File: pdftex.def 2011/05/27 v0.06d Graphics/color for pdfTeX

(/usr/share/texlive/texmf-dist/tex/generic/oberdiek/infwarerr.sty
Package: infwarerr 2010/04/08 v1.3 Providing info/warning/error messages (HO)
)
(/usr/share/texlive/texmf-dist/tex/generic/oberdiek/ltxcmds.sty
Package: ltxcmds 2011/11/09 v1.22 LaTeX kernel commands for general use (HO)
)
\Gread@gobject=\count99
))
(/usr/share/texlive/texmf-dist/tex/latex/bbm-macros/bbm.sty
Package: bbm 1999/03/15 V 1.2 provides fonts for set symbols - TH
LaTeX Font Info:    Overwriting math alphabet `\mathbbm' in version `bold'
(Font)                  U/bbm/m/n --> U/bbm/bx/n on input line 33.
LaTeX Font Info:    Overwriting math alphabet `\mathbbmss' in version `bold'
(Font)                  U/bbmss/m/n --> U/bbmss/bx/n on input line 35.
)
(/usr/share/texlive/texmf-dist/tex/latex/amscls/amsthm.sty
Package: amsthm 2015/03/04 v2.20.2
\thm@style=\toks19
\thm@bodyfont=\toks20
\thm@headfont=\toks21
\thm@notefont=\toks22
\thm@headpunct=\toks23
\thm@preskip=\skip46
\thm@postskip=\skip47
\thm@headsep=\skip48
\dth@everypar=\toks24
)
(/usr/share/texlive/texmf-dist/tex/latex/graphics/graphicx.sty
Package: graphicx 2014/10/28 v1.0g Enhanced LaTeX Graphics (DPC,SPQR)

(/usr/share/texlive/texmf-dist/tex/latex/graphics/keyval.sty
Package: keyval 2014/10/28 v1.15 key=value parser (DPC)
\KV@toks@=\toks25
)
(/usr/share/texlive/texmf-dist/tex/latex/graphics/graphics.sty
Package: graphics 2014/10/28 v1.0p Standard LaTeX Graphics (DPC,SPQR)

(/usr/share/texlive/texmf-dist/tex/latex/graphics/trig.sty
Package: trig 1999/03/16 v1.09 sin cos tan (DPC)
)
(/usr/share/texlive/texmf-dist/tex/latex/latexconfig/graphics.cfg
File: graphics.cfg 2010/04/23 v1.9 graphics configuration of TeX Live
)
Package graphics Info: Driver file: pdftex.def on input line 94.
)
\Gin@req@height=\dimen112
\Gin@req@width=\dimen113
)
(/usr/share/texlive/texmf-dist/tex/latex/appendix/appendix.sty
Package: appendix 2009/09/02 v1.2b extra appendix facilities
\c@@pps=\count100
\c@@ppsavesec=\count101
\c@@ppsaveapp=\count102
)
(/usr/share/texlive/texmf-dist/tex/latex/wrapfig/wrapfig.sty
\wrapoverhang=\dimen114
\WF@size=\dimen115
\c@WF@wrappedlines=\count103
\WF@box=\box28
\WF@everypar=\toks26
Package: wrapfig 2003/01/31  v 3.6
)
(/usr/share/texlive/texmf-dist/tex/latex/tools/verbatim.sty
Package: verbatim 2014/10/28 v1.5q LaTeX2e package for verbatim enhancements
\every@verbatim=\toks27
\verbatim@line=\toks28
\verbatim@in@stream=\read1
)
(/usr/share/texlive/texmf-dist/tex/latex/caption/caption.sty
Package: caption 2013/05/02 v3.3-89 Customizing captions (AR)

(/usr/share/texlive/texmf-dist/tex/latex/caption/caption3.sty
Package: caption3 2013/05/02 v1.6-88 caption3 kernel (AR)
Package caption3 Info: TeX engine: e-TeX on input line 57.
\captionmargin=\dimen116
\captionmargin@=\dimen117
\captionwidth=\dimen118
\caption@tempdima=\dimen119
\caption@indent=\dimen120
\caption@parindent=\dimen121
\caption@hangindent=\dimen122
)
\c@ContinuedFloat=\count104
Package caption Info: wrapfig package is loaded.
)
\c@theorem=\count105

(./direct-wavelet.aux)
\openout1 = `direct-wavelet.aux'.

LaTeX Font Info:    Checking defaults for OML/cmm/m/it on input line 47.
LaTeX Font Info:    ... okay on input line 47.
LaTeX Font Info:    Checking defaults for T1/cmr/m/n on input line 47.
LaTeX Font Info:    ... okay on input line 47.
LaTeX Font Info:    Checking defaults for OT1/cmr/m/n on input line 47.
LaTeX Font Info:    ... okay on input line 47.
LaTeX Font Info:    Checking defaults for OMS/cmsy/m/n on input line 47.
LaTeX Font Info:    ... okay on input line 47.
LaTeX Font Info:    Checking defaults for OMX/cmex/m/n on input line 47.
LaTeX Font Info:    ... okay on input line 47.
LaTeX Font Info:    Checking defaults for U/cmr/m/n on input line 47.
LaTeX Font Info:    ... okay on input line 47.

(/usr/share/texlive/texmf-dist/tex/context/base/supp-pdf.mkii
[Loading MPS to PDF converter (version 2006.09.02).]
\scratchcounter=\count106
\scratchdimen=\dimen123
\scratchbox=\box29
\nofMPsegments=\count107
\nofMParguments=\count108
\everyMPshowfont=\toks29
\MPscratchCnt=\count109
\MPscratchDim=\dimen124
\MPnumerator=\count110
\makeMPintoPDFobject=\count111
\everyMPtoPDFconversion=\toks30
) (/usr/share/texlive/texmf-dist/tex/generic/oberdiek/pdftexcmds.sty
Package: pdftexcmds 2011/11/29 v0.20 Utility functions of pdfTeX for LuaTeX (HO
)

(/usr/share/texlive/texmf-dist/tex/generic/oberdiek/ifluatex.sty
Package: ifluatex 2010/03/01 v1.3 Provides the ifluatex switch (HO)
Package ifluatex Info: LuaTeX not detected.
)
(/usr/share/texlive/texmf-dist/tex/generic/oberdiek/ifpdf.sty
Package: ifpdf 2011/01/30 v2.3 Provides the ifpdf switch (HO)
Package ifpdf Info: pdfTeX in PDF mode is detected.
)
Package pdftexcmds Info: LuaTeX not detected.
Package pdftexcmds Info: \pdf@primitive is available.
Package pdftexcmds Info: \pdf@ifprimitive is available.
Package pdftexcmds Info: \pdfdraftmode found.
)
(/usr/share/texlive/texmf-dist/tex/latex/oberdiek/epstopdf-base.sty
Package: epstopdf-base 2010/02/09 v2.5 Base part for package epstopdf

(/usr/share/texlive/texmf-dist/tex/latex/oberdiek/grfext.sty
Package: grfext 2010/08/19 v1.1 Manage graphics extensions (HO)

(/usr/share/texlive/texmf-dist/tex/generic/oberdiek/kvdefinekeys.sty
Package: kvdefinekeys 2011/04/07 v1.3 Define keys (HO)
))
(/usr/share/texlive/texmf-dist/tex/latex/oberdiek/kvoptions.sty
Package: kvoptions 2011/06/30 v3.11 Key value format for package options (HO)

(/usr/share/texlive/texmf-dist/tex/generic/oberdiek/kvsetkeys.sty
Package: kvsetkeys 2012/04/25 v1.16 Key value parser (HO)

(/usr/share/texlive/texmf-dist/tex/generic/oberdiek/etexcmds.sty
Package: etexcmds 2011/02/16 v1.5 Avoid name clashes with e-TeX commands (HO)
Package etexcmds Info: Could not find \expanded.
(etexcmds)             That can mean that you are not using pdfTeX 1.50 or
(etexcmds)             that some package has redefined \expanded.
(etexcmds)             In the latter case, load this package earlier.
)))
Package grfext Info: Graphics extension search list:
(grfext)             [.png,.pdf,.jpg,.mps,.jpeg,.jbig2,.jb2,.PNG,.PDF,.JPG,.JPE
G,.JBIG2,.JB2,.eps]
(grfext)             \AppendGraphicsExtensions on input line 452.

(/usr/share/texlive/texmf-dist/tex/latex/latexconfig/epstopdf-sys.cfg
File: epstopdf-sys.cfg 2010/07/13 v1.3 Configuration of (r)epstopdf for TeX Liv
e
))
Package caption Info: Begin \AtBeginDocument code.
Package caption Info: End \AtBeginDocument code.
\c@lem=\count112
\c@thm=\count113
\c@prop=\count114
LaTeX Font Info:    Try loading font information for U+msa on input line 63.

(/usr/share/texlive/texmf-dist/tex/latex/amsfonts/umsa.fd
File: umsa.fd 2013/01/14 v3.01 AMS symbols A
)
LaTeX Font Info:    Try loading font information for U+msb on input line 63.

(/usr/share/texlive/texmf-dist/tex/latex/amsfonts/umsb.fd
File: umsb.fd 2013/01/14 v3.01 AMS symbols B
) (./intro.tex
[1

{/usr/share/texlive/texmf-dist/fonts/map/pdftex/updmap/pdftex.map}])
(./setup.tex
LaTeX Font Info:    Try loading font information for OMS+cmr on input line 4.
 (/usr/share/texlive/texmf-dist/tex/latex/base/omscmr.fd
File: omscmr.fd 2014/09/29 v2.5h Standard LaTeX font definitions
)
LaTeX Font Info:    Font shape `OMS/cmr/m/n' in size <10> not available
(Font)              Font shape `OMS/cmsy/m/n' tried instead on input line 4.
 [2]
Overfull \hbox (25.04047pt too wide) in paragraph at lines 22--26
\OT1/cmr/m/n/10 The MRA uses the nested ap-prox-i-ma-tion spaces $\OML/cmm/m/it
/10 V[] \OT1/cmr/m/n/10 = []\OML/cmm/m/it/10 ;  l \OMS/cmsy/m/n/10 2
 []


Overfull \hbox (32.19254pt too wide) in paragraph at lines 22--26
\OT1/cmr/m/n/10 the or-thog-o-nal com-ple-ment of $\OML/cmm/m/it/10 V[]$ \OT1/c
mr/m/n/10 with re-spect to $\OML/cmm/m/it/10 V[]$\OT1/cmr/m/n/10 . Let $\OML/cm
m/m/it/10  [] \OT1/cmr/m/n/10 = \OMS/cmsy/m/n/10 j\OT1/cmr/bx/n/10 D\OMS/cmsy/m
/n/10 j[]\OML/cmm/m/it/10  []\OT1/cmr/m/n/10 (\OT1/cmr/bx/n/10 D[][]\OT1/cmr/m/
n/10 )$;
 []


LaTeX Font Warning: Command \small invalid in math mode on input line 28.


LaTeX Font Warning: Command \small invalid in math mode on input line 28.

[3]
<./orth-frame/figure/shannon-marked-new.jpg, id=41, 312.2064pt x 316.5426pt>
File: ./orth-frame/figure/shannon-marked-new.jpg Graphic file (type jpg)

<use ./orth-frame/figure/shannon-marked-new.jpg>
Package pdftex.def Info: ./orth-frame/figure/shannon-marked-new.jpg used on inp
ut line 44.
(pdftex.def)             Requested size: 120.7521pt x 122.42714pt.

<./orth-frame/figure/sublattice-2.jpg, id=42, 214.8025pt x 204.765pt>
File: ./orth-frame/figure/sublattice-2.jpg Graphic file (type jpg)

<use ./orth-frame/figure/sublattice-2.jpg>
Package pdftex.def Info: ./orth-frame/figure/sublattice-2.jpg used on input lin
e 47.
(pdftex.def)             Requested size: 120.7521pt x 115.11127pt.


LaTeX Font Warning: Command \small invalid in math mode on input line 67.

[4 <./orth-frame/figure/shannon-marked-new.jpg> <./orth-frame/figure/sublattice
-2.jpg>]) (./orthonormal.tex [5]
LaTeX Font Info:    Try loading font information for U+bbm on input line 53.

(/usr/share/texlive/texmf-dist/tex/latex/bbm-macros/ubbm.fd
File: ubbm.fd 1999/03/15 V 1.2 Font definition for bbm font - TH
)
<./orth-frame/figure/fig_overlap.png, id=51, 1153.60988pt x 654.0435pt>
File: ./orth-frame/figure/fig_overlap.png Graphic file (type png)

<use ./orth-frame/figure/fig_overlap.png>
Package pdftex.def Info: ./orth-frame/figure/fig_overlap.png used on input line
 70.
(pdftex.def)             Requested size: 207.0021pt x 117.35349pt.

<./orth-frame/figure/bdyclass.jpg, id=52, 226.2051pt x 226.9278pt>
File: ./orth-frame/figure/bdyclass.jpg Graphic file (type jpg)

<use ./orth-frame/figure/bdyclass.jpg>
Package pdftex.def Info: ./orth-frame/figure/bdyclass.jpg used on input line 73
.
(pdftex.def)             Requested size: 103.50105pt x 103.83055pt.

Overfull \hbox (13.27287pt too wide) in paragraph at lines 89--94
\OML/cmm/m/it/10 m[]\OT1/cmr/m/n/10 ([])[]$ as-so-ci-ated to $\OML/cmm/m/it/10 
m[]$ \OT1/cmr/m/n/10 and shift $[]$; let $\OMS/cmsy/m/n/10 C\OT1/cmr/m/n/10 (\O
ML/cmm/m/it/10 j; []\OT1/cmr/m/n/10 ) = \OMS/cmsy/m/n/10 B\OT1/cmr/m/n/10 (\OML
/cmm/m/it/10 j; []\OT1/cmr/m/n/10 ) \OMS/cmsy/m/n/10 n [][] B\OT1/cmr/m/n/10 (\
OML/cmm/m/it/10 j[]; []\OT1/cmr/m/n/10 )$. 
 []

[6] [7 <./orth-frame/figure/fig_overlap.png> <./orth-frame/figure/bdyclass.jpg>
]
Overfull \hbox (5.39554pt too wide) in paragraph at lines 117--118
\OT1/cmr/m/n/10 both will have a dis-con-ti-nu-ity across those bound-aries. Fo
r ex-am-ple, $\OMS/cmsy/m/n/10 C[]\OT1/cmr/m/n/10 (0\OML/cmm/m/it/10 ; \OT1/cmr
/m/n/10 (\OML/cmm/m/it/10 ^^Y; \OT1/cmr/m/n/10 0)) \OMS/cmsy/m/n/10 \
 []


Overfull \hbox (4.4622pt too wide) in paragraph at lines 137--139
\OT1/cmr/m/it/10 Proof\OT1/cmr/m/n/10 . We first show that $(\OML/cmm/m/it/10 j
[]; j[]; \OMS/cmsy/m/n/10 ^^@[]\OT1/cmr/m/n/10 ) \OMS/cmsy/m/n/10 6\OT1/cmr/m/n
/10 = \U/msb/m/n/10 ?\OML/cmm/m/it/10 :$ \OT1/cmr/m/n/10 By def-i-ni-tion, $\OM
S/cmsy/m/n/10 B[]\OT1/cmr/m/n/10 (\OML/cmm/m/it/10 j[]; []\OT1/cmr/m/n/10 ) = \
OML/cmm/m/it/10 supp\OT1/cmr/m/n/10 (\OML/cmm/m/it/10 m[]\OT1/cmr/m/n/10 ) \OMS
/cmsy/m/n/10 \
 []


Overfull \hbox (0.374pt too wide) in paragraph at lines 137--139
\OT1/cmr/m/n/10 (\OML/cmm/m/it/10 supp\OT1/cmr/m/n/10 (\OML/cmm/m/it/10 m[]\OT1
/cmr/m/n/10 ) \OMS/cmsy/m/n/10 ^^@ []\OT1/cmr/m/n/10 ) = [] \OMS/cmsy/m/n/10 ^^
@ [] \OT1/cmr/m/n/10 = \OMS/cmsy/m/n/10 B[]\OT1/cmr/m/n/10 (\OML/cmm/m/it/10 j[
]; \OMS/cmsy/m/n/10 ^^@[]\OT1/cmr/m/n/10 ) \OMS/cmsy/m/n/10 ^^@ []\OML/cmm/m/it
/10 :$ \OT1/cmr/m/n/10 Rewrite
 []

[8]
Overfull \hbox (32.76657pt too wide) in paragraph at lines 164--168
\OT1/cmr/m/it/10 Proof. \OT1/cmr/m/n/10 To prove the nec-es-sary con-di-tion, n
ote that (i) im-plies $\OMS/cmsy/m/n/10 j\OML/cmm/m/it/10 m[]\OT1/cmr/m/n/10 ([
])\OMS/cmsy/m/n/10 j[]j\OML/cmm/m/it/10 m[]\OT1/cmr/m/n/10 ([])\OMS/cmsy/m/n/10
 j[] \OT1/cmr/m/n/10 =
 []

[9] <./orth-frame/figure/contour_design.pdf, id=71, 293.095pt x 292.09125pt>
File: ./orth-frame/figure/contour_design.pdf Graphic file (type pdf)

<use ./orth-frame/figure/contour_design.pdf>
Package pdftex.def Info: ./orth-frame/figure/contour_design.pdf used on input l
ine 210.
(pdftex.def)             Requested size: 103.8549pt x 103.50105pt.

<./orth-frame/figure/smsh-sh.jpg, id=72, 704.3916pt x 344.0052pt>
File: ./orth-frame/figure/smsh-sh.jpg Graphic file (type jpg)

<use ./orth-frame/figure/smsh-sh.jpg>
Package pdftex.def Info: ./orth-frame/figure/smsh-sh.jpg used on input line 211
.
(pdftex.def)             Requested size: 211.93175pt x 103.50105pt.

<./orth-frame/figure/many_squares_new.png, id=73, 988.6536pt x 518.8986pt>
File: ./orth-frame/figure/many_squares_new.png Graphic file (type png)

<use ./orth-frame/figure/many_squares_new.png>
Package pdftex.def Info: ./orth-frame/figure/many_squares_new.png used on input
 line 228.
(pdftex.def)             Requested size: 345.0pt x 181.07881pt.
) (./frame.tex

LaTeX Font Warning: Command \small invalid in math mode on input line 5.


LaTeX Font Warning: Command \small invalid in math mode on input line 5.

[10 <./orth-frame/figure/contour_design.pdf> <./orth-frame/figure/smsh-sh.jpg>]
[11 <./orth-frame/figure/many_squares_new.png>]) (./bi-orth.tex [12]
Overfull \hbox (7.27878pt too wide) in paragraph at lines 46--49
\OT1/cmr/m/it/10 of 0, s.t. $\OMS/cmsy/m/n/10 8[] 2 \OML/cmm/m/it/10 S[];  [] \
OT1/cmr/m/n/10 + 2\OML/cmm/m/it/10 ^^Y\OT1/cmr/bx/n/10 n \OMS/cmsy/m/n/10 2 \OM
L/cmm/m/it/10 K$ \OT1/cmr/m/it/10 for some $\OT1/cmr/bx/n/10 n \OMS/cmsy/m/n/10
 2 \U/msb/m/n/10 Z[]\OML/cmm/m/it/10 ;$ \OT1/cmr/m/it/10 and $[][] \OMS/cmsy/m/
n/10 j\OML/cmm/m/it/10 m[]\OT1/cmr/m/n/10 ([][][])\OMS/cmsy/m/n/10 j \OML/cmm/m
/it/10 >
 []

[13] [14]
<./bi-orth/figure/triangle-partition.png, id=100, 1076.823pt x 1057.551pt>
File: ./bi-orth/figure/triangle-partition.png Graphic file (type png)

<use ./bi-orth/figure/triangle-partition.png>
Package pdftex.def Info: ./bi-orth/figure/triangle-partition.png used on input 
line 140.
(pdftex.def)             Requested size: 137.9979pt x 135.51775pt.
 [15 <./bi-orth/figure/triangle-partition.png>]
Overfull \hbox (9.59454pt too wide) in paragraph at lines 167--168
[]\OT1/cmr/bx/n/10 Proposition 7.3. []$\OML/cmm/m/it/10 m[]\OT1/cmr/m/n/10 ([])
\OML/cmm/m/it/10 ;  []\OT1/cmr/m/n/10 ([])\OML/cmm/m/it/10 ; m[]\OT1/cmr/m/n/10
 ([])\OML/cmm/m/it/10 ;  i \OT1/cmr/m/n/10 = 1\OML/cmm/m/it/10 ; :::; \OT1/cmr/
m/n/10 6$ \OT1/cmr/m/it/10 sat-isfy [] given $[]\OT1/cmr/m/n/10 ([])\OML/cmm/m/
it/10 ;  i \OT1/cmr/m/n/10 =
 []


Overfull \hbox (9.11008pt too wide) in paragraph at lines 173--173
[] 
 []


Overfull \hbox (0.68471pt too wide) in paragraph at lines 193--193
[] 
 []

[16]
Overfull \hbox (19.09059pt too wide) detected at line 194
\OML/cmm/m/it/10 d[]\OT1/cmr/m/n/10 ([]) = []([[]([])[]\OML/cmm/m/it/10 ; []  ;
 []\OT1/cmr/m/n/10 ([])[]])\OML/cmm/m/it/10 ;  \OT1/cmr/m/n/10 0 \OMS/cmsy/m/n/
10 ^^T \OML/cmm/m/it/10 k[] < [] < k[] < [] < k[] \OMS/cmsy/m/n/10 ^^T \OT1/cmr
/m/n/10 7\OML/cmm/m/it/10 ; k[] \OMS/cmsy/m/n/10 6\OT1/cmr/m/n/10 = \OML/cmm/m/
it/10 i; j;
 []


Overfull \hbox (14.74138pt too wide) in paragraph at lines 198--198
[] 
 []


Overfull \hbox (5.52618pt too wide) in paragraph at lines 202--202
[] 
 []

LaTeX Font Info:    Try loading font information for U+euf on input line 228.
(/usr/share/texlive/texmf-dist/tex/latex/amsfonts/ueuf.fd
File: ueuf.fd 2013/01/14 v3.01 Euler Fraktur
)
Underfull \hbox (badness 10000) in paragraph at lines 228--230

 []

<./bi-orth/figure/S_shifts2.png, id=111, 217.7736pt x 206.9331pt>
File: ./bi-orth/figure/S_shifts2.png Graphic file (type png)

<use ./bi-orth/figure/S_shifts2.png>
Package pdftex.def Info: ./bi-orth/figure/S_shifts2.png used on input line 242.

(pdftex.def)             Requested size: 137.9979pt x 131.13266pt.
 [17]
Overfull \hbox (36.12695pt too wide) in paragraph at lines 281--282
[]$\OML/cmm/m/it/10 span\OMS/cmsy/m/n/10 f[]\OML/cmm/m/it/10 ; []; []\OMS/cmsy/
m/n/10 g ? \OML/cmm/m/it/10 span\OMS/cmsy/m/n/10 f[]\OML/cmm/m/it/10 ; []\OMS/c
msy/m/n/10 g$ \OT1/cmr/m/n/10 and $\OML/cmm/m/it/10 rank\OT1/cmr/m/n/10 ([]\OML
/cmm/m/it/10 ; []; []\OT1/cmr/m/n/10 ) \OMS/cmsy/m/n/10 ^^T \OT1/cmr/m/n/10 2$,
 $\OML/cmm/m/it/10 rank\OT1/cmr/m/n/10 ([]\OML/cmm/m/it/10 ; []\OT1/cmr/m/n/10 
) \OMS/cmsy/m/n/10 ^^T
 []


Overfull \hbox (9.60413pt too wide) in paragraph at lines 284--286
\OT1/cmr/m/n/10 0\OML/cmm/m/it/10 ;  \OMS/cmsy/m/n/10 8\OT1/cmr/m/n/10 (\OML/cm
m/m/it/10 i; j\OT1/cmr/m/n/10 )$ ex-cept $(0\OML/cmm/m/it/10 ; \OT1/cmr/m/n/10 
6)$, so $\U/euf/m/n/10 D\OT1/cmr/m/n/10 ([]) = [\OML/cmm/m/it/10 d[]; \OT1/cmr/
m/n/10 0\OML/cmm/m/it/10 ; \OT1/cmr/m/n/10 0\OML/cmm/m/it/10 ; \OT1/cmr/m/n/10 
0][][0\OML/cmm/m/it/10 ; \OT1/cmr/m/n/10 0\OML/cmm/m/it/10 ; \OT1/cmr/m/n/10 0\
OML/cmm/m/it/10 ; \OT1/cmr/m/n/10 1] + [0\OML/cmm/m/it/10 ; \OT1/cmr/m/n/10 0\O
ML/cmm/m/it/10 ; \OT1/cmr/m/n/10 0\OML/cmm/m/it/10 ; d[]\OT1/cmr/m/n/10 ][][\OM
S/cmsy/m/n/10 ^^@\OT1/cmr/m/n/10 1\OML/cmm/m/it/10 ; \OT1/cmr/m/n/10 0\OML/cmm/
m/it/10 ; \OT1/cmr/m/n/10 0\OML/cmm/m/it/10 ; \OT1/cmr/m/n/10 0]$.
 []

[18 <./bi-orth/figure/S_shifts2.png>]
Overfull \hbox (7.91522pt too wide) in paragraph at lines 289--291
[][] \OMS/cmsy/m/n/10 j[]\OT1/cmr/m/n/10 ([])\OMS/cmsy/m/n/10 j$\OT1/cmr/m/n/10
 . Since $[]([])$ con-cen-trates in $\OML/cmm/m/it/10 T[]$\OT1/cmr/m/n/10 , we 
know $[][] \OMS/cmsy/m/n/10 j[]\OT1/cmr/m/n/10 ([])\OMS/cmsy/m/n/10 j \OML/cmm/
m/it/10 > [][] \OMS/cmsy/m/n/10 j[]\OT1/cmr/m/n/10 ([])\OMS/cmsy/m/n/10 j$\OT1/
cmr/m/n/10 .
 []


Overfull \hbox (17.03232pt too wide) in paragraph at lines 289--291
\OT1/cmr/m/n/10 On the other hand, due to the sym-me-try of $[]([])\OML/cmm/m/i
t/10 ; []\OT1/cmr/m/n/10 ([])$ and $\OML/cmm/m/it/10 B[]; B[]$\OT1/cmr/m/n/10 ,
 $[][] \OMS/cmsy/m/n/10 j[]\OT1/cmr/m/n/10 ([])\OMS/cmsy/m/n/10 j \OT1/cmr/m/n/
10 =
 []


Overfull \hbox (5.2554pt too wide) in paragraph at lines 299--300
[]\OT1/cmr/bx/n/10 Proposition 7.8. []$[]\OT1/cmr/m/n/10 ([])\OML/cmm/m/it/10 ;
 []\OT1/cmr/m/n/10 ([])$ \OT1/cmr/m/it/10 are not con-tin-u-ous at $[][]\OML/cm
m/m/it/10 ; [][]$ \OT1/cmr/m/it/10 and $[]\OT1/cmr/m/n/10 ([])\OML/cmm/m/it/10 
; []\OT1/cmr/m/n/10 ([])$
 []


Overfull \hbox (3.42654pt too wide) in paragraph at lines 310--311
\OT1/cmr/m/n/10 Following the pre-vi-ous or-thonor-mal con-struc-tion in Sec-ti
on 4[], we con-sider $[]([])\OML/cmm/m/it/10 ;$
 []

[19]
Overfull \hbox (38.07832pt too wide) in paragraph at lines 340--342
\OT1/cmr/m/n/10 Therefore, $[][:\OML/cmm/m/it/10 ; \OT1/cmr/m/n/10 1]$ and $[][
:\OML/cmm/m/it/10 ; \OT1/cmr/m/n/10 6]$ are lin-early in-de-pen-dent im-plies t
hat $\OML/cmm/m/it/10 e[] \OMS/cmsy/m/n/10 6\OT1/cmr/m/n/10 =
 []


Underfull \hbox (badness 10000) in paragraph at lines 340--342

 []


Overfull \hbox (22.46526pt too wide) in paragraph at lines 359--362
\OT1/cmr/m/n/10 spec-tively for tu-ples $( [][]\OML/cmm/m/it/10 ;  [][]; \OT1/c
mr/m/n/10 (\OMS/cmsy/m/n/10 ^^@\OML/cmm/m/it/10 ^^Y=\OT1/cmr/m/n/10 2\OML/cmm/m
/it/10 ; ^^Y=\OT1/cmr/m/n/10 2) )\OML/cmm/m/it/10 ;  \OT1/cmr/m/n/10 ( [][]\OML
/cmm/m/it/10 ; [][]; \OT1/cmr/m/n/10 (\OML/cmm/m/it/10 ^^Y=\OT1/cmr/m/n/10 2\OM
L/cmm/m/it/10 ; ^^Y=\OT1/cmr/m/n/10 2) )\OML/cmm/m/it/10 ;  \OT1/cmr/m/n/10 ([]
[]\OML/cmm/m/it/10 ; [][];  \OT1/cmr/m/n/10 (\OML/cmm/m/it/10 ^^Y=\OT1/cmr/m/n/
10 2\OML/cmm/m/it/10 ; ^^Y=\OT1/cmr/m/n/10 2) )$
 []

[20]
Overfull \hbox (7.62056pt too wide) in paragraph at lines 412--412
[] 
 []

[21] <./bi-orth/figure/feasible_mi.pdf, id=131, 377.24939pt x 247.88611pt>
File: ./bi-orth/figure/feasible_mi.pdf Graphic file (type pdf)

<use ./bi-orth/figure/feasible_mi.pdf>
Package pdftex.def Info: ./bi-orth/figure/feasible_mi.pdf used on input line 44
6.
(pdftex.def)             Requested size: 165.59853pt x 108.81679pt.

<./bi-orth/figure/feasible_m0.pdf, id=132, 344.7279pt x 345.4506pt>
File: ./bi-orth/figure/feasible_m0.pdf Graphic file (type pdf)

<use ./bi-orth/figure/feasible_m0.pdf>
Package pdftex.def Info: ./bi-orth/figure/feasible_m0.pdf used on input line 45
0.
(pdftex.def)             Requested size: 60.72057pt x 60.84482pt.

<./bi-orth/figure/feasible_m0_log.pdf, id=133, 448.07399pt x 347.61871pt>
File: ./bi-orth/figure/feasible_m0_log.pdf Graphic file (type pdf)

<use ./bi-orth/figure/feasible_m0_log.pdf>
Package pdftex.def Info: ./bi-orth/figure/feasible_m0_log.pdf used on input lin
e 454.
(pdftex.def)             Requested size: 77.27995pt x 59.95367pt.
 [22 <./bi-orth/figure/feasible_mi.pdf> <./bi-orth/figure/feasible_m0.pdf

pdfTeX warning: pdflatex (file ./bi-orth/figure/feasible_m0.pdf): PDF inclusion
: multiple pdfs with page group included in a single page
> <./bi-orth/figure/feasible_m0_log.pdf

pdfTeX warning: pdflatex (file ./bi-orth/figure/feasible_m0_log.pdf): PDF inclu
sion: multiple pdfs with page group included in a single page
>] <./bi-orth/figure/feasible_check.pdf, id=156, 402.54391pt x 365.6862pt>
File: ./bi-orth/figure/feasible_check.pdf Graphic file (type pdf)

<use ./bi-orth/figure/feasible_check.pdf>
Package pdftex.def Info: ./bi-orth/figure/feasible_check.pdf used on input line
 473.
(pdftex.def)             Requested size: 82.80115pt x 75.21724pt.

<./bi-orth/figure/feasible_tm0.pdf, id=157, 344.7279pt x 345.4506pt>
File: ./bi-orth/figure/feasible_tm0.pdf Graphic file (type pdf)

<use ./bi-orth/figure/feasible_tm0.pdf>
Package pdftex.def Info: ./bi-orth/figure/feasible_tm0.pdf used on input line 4
78.
(pdftex.def)             Requested size: 82.5947pt x 82.76752pt.

<./bi-orth/figure/feasible_m0tm0.pdf, id=158, 396.0396pt x 365.6862pt>
File: ./bi-orth/figure/feasible_m0tm0.pdf Graphic file (type pdf)

<use ./bi-orth/figure/feasible_m0tm0.pdf>
Package pdftex.def Info: ./bi-orth/figure/feasible_m0tm0.pdf used on input line
 479.
(pdftex.def)             Requested size: 91.28731pt x 84.29019pt.

<./bi-orth/figure/feasible_m.pdf, id=159, 406.88008pt x 255.8358pt>
File: ./bi-orth/figure/feasible_m.pdf Graphic file (type pdf)

<use ./bi-orth/figure/feasible_m.pdf>
Package pdftex.def Info: ./bi-orth/figure/feasible_m.pdf used on input line 498
.
(pdftex.def)             Requested size: 155.24895pt x 97.61679pt.

<./bi-orth/figure/feasible_mi_time.pdf, id=160, 404.712pt x 258.72661pt>
File: ./bi-orth/figure/feasible_mi_time.pdf Graphic file (type pdf)

<use ./bi-orth/figure/feasible_mi_time.pdf>
Package pdftex.def Info: ./bi-orth/figure/feasible_mi_time.pdf used on input li
ne 501.
(pdftex.def)             Requested size: 149.03766pt x 95.27728pt.
) (./conclusion.tex [23 <./bi-orth/figure/feasible_check.pdf> <./bi-orth/figure
/feasible_tm0.pdf

pdfTeX warning: pdflatex (file ./bi-orth/figure/feasible_tm0.pdf): PDF inclusio
n: multiple pdfs with page group included in a single page
> <./bi-orth/figure/feasible_m0tm0.pdf

pdfTeX warning: pdflatex (file ./bi-orth/figure/feasible_m0tm0.pdf): PDF inclus
ion: multiple pdfs with page group included in a single page
>]) (./parseval-cond.tex [24 <./bi-orth/figure/feasible_m.pdf> <./bi-orth/figur
e/feasible_mi_time.pdf

pdfTeX warning: pdflatex (file ./bi-orth/figure/feasible_mi_time.pdf): PDF incl
usion: multiple pdfs with page group included in a single page
>]
Overfull \hbox (9.85329pt too wide) in paragraph at lines 17--20
[]\OT1/cmr/m/n/10 ([]) = \OML/cmm/m/it/10 ^^^[]\OT1/cmr/m/n/10 ([] \OMS/cmsy/m/
n/10 ^^@ [][]\OT1/cmr/m/n/10 ) = \OMS/cmsy/m/n/10 j[]j[] [][] \OML/cmm/m/it/10 
c[]^^^\OT1/cmr/m/n/10 ([][]) = \OMS/cmsy/m/n/10 j[]j[] [][] \OML/cmm/m/it/10 c[
]^^^\OT1/cmr/m/n/10 ([])$.
 []


Overfull \hbox (27.04355pt too wide) in paragraph at lines 21--22
[]\OT1/cmr/m/n/10 Since $[][]\OMS/cmsy/m/n/10 f[]g \OT1/cmr/m/n/10 := [][]([]\U
/msb/m/n/10 Z[] \OT1/cmr/m/n/10 + []) = \U/msb/m/n/10 Z[]$\OT1/cmr/m/n/10 , whe
re $\OML/cmm/m/it/10 B \OT1/cmr/m/n/10 = \OMS/cmsy/m/n/10 f\OT1/cmr/m/n/10 (0\O
ML/cmm/m/it/10 ; \OT1/cmr/m/n/10 0)\OML/cmm/m/it/10 ;  \OT1/cmr/m/n/10 (1\OML/c
mm/m/it/10 ; \OT1/cmr/m/n/10 0)\OML/cmm/m/it/10 ;  \OT1/cmr/m/n/10 (0\OML/cmm/m
/it/10 ; \OT1/cmr/m/n/10 1)\OML/cmm/m/it/10 ;  \OT1/cmr/m/n/10 (1\OML/cmm/m/it/
10 ; \OT1/cmr/m/n/10 1)\OMS/cmsy/m/n/10 g$\OT1/cmr/m/n/10 ,
 []

[25]) (./m0-opt.tex
<./bi-orth/figure/filters.jpg, id=203, 562.1pt x 421.575pt>
File: ./bi-orth/figure/filters.jpg Graphic file (type jpg)

<use ./bi-orth/figure/filters.jpg>
Package pdftex.def Info: ./bi-orth/figure/filters.jpg used on input line 6.
(pdftex.def)             Requested size: 137.9979pt x 103.49583pt.

<./bi-orth/figure/m-funcs.jpg, id=204, 562.1pt x 421.575pt>
File: ./bi-orth/figure/m-funcs.jpg Graphic file (type jpg)

<use ./bi-orth/figure/m-funcs.jpg>
Package pdftex.def Info: ./bi-orth/figure/m-funcs.jpg used on input line 14.
(pdftex.def)             Requested size: 172.5pt x 129.37462pt.

<./bi-orth/figure/1d-m-compare.jpg, id=205, 546.04pt x 265.99374pt>
File: ./bi-orth/figure/1d-m-compare.jpg Graphic file (type jpg)

<use ./bi-orth/figure/1d-m-compare.jpg>
Package pdftex.def Info: ./bi-orth/figure/1d-m-compare.jpg used on input line 2
0.
(pdftex.def)             Requested size: 137.9979pt x 67.22072pt.

<./bi-orth/figure/1d-filter-compare.jpg, id=206, 527.9725pt x 231.86626pt>
File: ./bi-orth/figure/1d-filter-compare.jpg Graphic file (type jpg)

<use ./bi-orth/figure/1d-filter-compare.jpg>
Package pdftex.def Info: ./bi-orth/figure/1d-filter-compare.jpg used on input l
ine 21.
(pdftex.def)             Requested size: 137.9979pt x 60.60222pt.
 [26 <./bi-orth/figure/filters.jpg>] <./bi-orth/figure/2d-m-compare-1.jpg, id=2
10, 308.15125pt x 128.48pt>
File: ./bi-orth/figure/2d-m-compare-1.jpg Graphic file (type jpg)

<use ./bi-orth/figure/2d-m-compare-1.jpg>
Package pdftex.def Info: ./bi-orth/figure/2d-m-compare-1.jpg used on input line
 36.
(pdftex.def)             Requested size: 155.24895pt x 64.72993pt.
 [27 <./bi-orth/figure/m-funcs.jpg> <./bi-orth/figure/1d-m-compare.jpg> <./bi-o
rth/figure/1d-filter-compare.jpg> <./bi-orth/figure/2d-m-compare-1.jpg>]
<./bi-orth/figure/2d-m-compare-2-1-eps-converted-to.pdf, id=214, 703.62875pt x 
128.48pt>
File: ./bi-orth/figure/2d-m-compare-2-1-eps-converted-to.pdf Graphic file (type
 pdf)
 <use ./bi-orth/figure/2d-m-compare-2-1-eps-converted-to.pdf>
Package pdftex.def Info: ./bi-orth/figure/2d-m-compare-2-1-eps-converted-to.pdf
 used on input line 56.
(pdftex.def)             Requested size: 279.4462pt x 51.02448pt.

<./bi-orth/figure/2d-filter-compare-2-1-eps-converted-to.pdf, id=215, 706.64pt 
x 128.48pt>
File: ./bi-orth/figure/2d-filter-compare-2-1-eps-converted-to.pdf Graphic file 
(type pdf)
 <use ./bi-orth/figure/2d-filter-compare-2-1-eps-converted-to.pdf>
Package pdftex.def Info: ./bi-orth/figure/2d-filter-compare-2-1-eps-converted-t
o.pdf used on input line 57.
(pdftex.def)             Requested size: 279.4462pt x 50.80882pt.

<./bi-orth/figure/2d-m-compare-2-2-eps-converted-to.pdf, id=216, 691.58376pt x 
128.48pt>
File: ./bi-orth/figure/2d-m-compare-2-2-eps-converted-to.pdf Graphic file (type
 pdf)
 <use ./bi-orth/figure/2d-m-compare-2-2-eps-converted-to.pdf>
Package pdftex.def Info: ./bi-orth/figure/2d-m-compare-2-2-eps-converted-to.pdf
 used on input line 65.
(pdftex.def)             Requested size: 279.4462pt x 51.91452pt.

<./bi-orth/figure/2d-filter-compare-2-2-eps-converted-to.pdf, id=217, 690.58pt 
x 128.48pt>
File: ./bi-orth/figure/2d-filter-compare-2-2-eps-converted-to.pdf Graphic file 
(type pdf)
 <use ./bi-orth/figure/2d-filter-compare-2-2-eps-converted-to.pdf>
Package pdftex.def Info: ./bi-orth/figure/2d-filter-compare-2-2-eps-converted-t
o.pdf used on input line 66.
(pdftex.def)             Requested size: 279.4462pt x 51.99097pt.

<./bi-orth/figure/2d-m-compare-3-eps-converted-to.pdf, id=218, 722.7pt x 128.48
pt>
File: ./bi-orth/figure/2d-m-compare-3-eps-converted-to.pdf Graphic file (type p
df)
 <use ./bi-orth/figure/2d-m-compare-3-eps-converted-to.pdf>
Package pdftex.def Info: ./bi-orth/figure/2d-m-compare-3-eps-converted-to.pdf u
sed on input line 78.
(pdftex.def)             Requested size: 310.4979pt x 55.20023pt.

<./bi-orth/figure/2d-m-compare-3-2-eps-converted-to.pdf, id=219, 723.70375pt x 
128.48pt>
File: ./bi-orth/figure/2d-m-compare-3-2-eps-converted-to.pdf Graphic file (type
 pdf)
 <use ./bi-orth/figure/2d-m-compare-3-2-eps-converted-to.pdf>
Package pdftex.def Info: ./bi-orth/figure/2d-m-compare-3-2-eps-converted-to.pdf
 used on input line 79.
(pdftex.def)             Requested size: 310.4979pt x 55.12376pt.


LaTeX Warning: `h' float specifier changed to `ht'.

[28 <./bi-orth/figure/2d-m-compare-2-1-eps-converted-to.pdf> <./bi-orth/figure/
2d-filter-compare-2-1-eps-converted-to.pdf> <./bi-orth/figure/2d-m-compare-2-2-
eps-converted-to.pdf> <./bi-orth/figure/2d-filter-compare-2-2-eps-converted-to.
pdf>]) (./direct-wavelet.bbl
** WARNING: IEEEtran.bst: No hyphenation pattern has been
** loaded for the language `English'. Using the pattern for
** the default language instead.
[29 <./bi-orth/figure/2d-m-compare-3-eps-converted-to.pdf> <./bi-orth/figure/2d
-m-compare-3-2-eps-converted-to.pdf>]) [30] (./direct-wavelet.aux) ) 
Here is how much of TeX's memory you used:
 4186 strings out of 495005
 64279 string characters out of 6181431
 130177 words of memory out of 5000000
 7265 multiletter control sequences out of 15000+600000
 24988 words of font info for 96 fonts, out of 8000000 for 9000
 14 hyphenation exceptions out of 8191
 38i,19n,38p,985b,449s stack positions out of 5000i,500n,10000p,200000b,80000s
 </home/gra
d/rachel/.texlive2015/texmf-var/fonts/pk/ljfour/public/bbm/bbm10.600pk></usr/sh
are/texlive/texmf-dist/fonts/type1/public/amsfonts/cm/cmbsy10.pfb></usr/share/t
exlive/texmf-dist/fonts/type1/public/amsfonts/cmextra/cmbsy5.pfb></usr/share/te
xlive/texmf-dist/fonts/type1/public/amsfonts/cmextra/cmbsy6.pfb></usr/share/tex
live/texmf-dist/fonts/type1/public/amsfonts/cmextra/cmbsy7.pfb></usr/share/texl
ive/texmf-dist/fonts/type1/public/amsfonts/cm/cmbx10.pfb></usr/share/texlive/te
xmf-dist/fonts/type1/public/amsfonts/cm/cmbx12.pfb></usr/share/texlive/texmf-di
st/fonts/type1/public/amsfonts/cm/cmbx5.pfb></usr/share/texlive/texmf-dist/font
s/type1/public/amsfonts/cm/cmbx7.pfb></usr/share/texlive/texmf-dist/fonts/type1
/public/amsfonts/cm/cmbx9.pfb></usr/share/texlive/texmf-dist/fonts/type1/public
/amsfonts/cm/cmbxti10.pfb></usr/share/texlive/texmf-dist/fonts/type1/public/ams
fonts/cm/cmex10.pfb></usr/share/texlive/texmf-dist/fonts/type1/public/amsfonts/
cmextra/cmex7.pfb></usr/share/texlive/texmf-dist/fonts/type1/public/amsfonts/cm
extra/cmex9.pfb></usr/share/texlive/texmf-dist/fonts/type1/public/amsfonts/cm/c
mmi10.pfb></usr/share/texlive/texmf-dist/fonts/type1/public/amsfonts/cm/cmmi12.
pfb></usr/share/texlive/texmf-dist/fonts/type1/public/amsfonts/cm/cmmi5.pfb></u
sr/share/texlive/texmf-dist/fonts/type1/public/amsfonts/cm/cmmi6.pfb></usr/shar
e/texlive/texmf-dist/fonts/type1/public/amsfonts/cm/cmmi7.pfb></usr/share/texli
ve/texmf-dist/fonts/type1/public/amsfonts/cm/cmmi8.pfb></usr/share/texlive/texm
f-dist/fonts/type1/public/amsfonts/cm/cmmi9.pfb></usr/share/texlive/texmf-dist/
fonts/type1/public/amsfonts/cm/cmmib10.pfb></usr/share/texlive/texmf-dist/fonts
/type1/public/amsfonts/cmextra/cmmib5.pfb></usr/share/texlive/texmf-dist/fonts/
type1/public/amsfonts/cmextra/cmmib7.pfb></usr/share/texlive/texmf-dist/fonts/t
ype1/public/amsfonts/cmextra/cmmib9.pfb></usr/share/texlive/texmf-dist/fonts/ty
pe1/public/amsfonts/cm/cmr10.pfb></usr/share/texlive/texmf-dist/fonts/type1/pub
lic/amsfonts/cm/cmr12.pfb></usr/share/texlive/texmf-dist/fonts/type1/public/ams
fonts/cm/cmr17.pfb></usr/share/texlive/texmf-dist/fonts/type1/public/amsfonts/c
m/cmr5.pfb></usr/share/texlive/texmf-dist/fonts/type1/public/amsfonts/cm/cmr6.p
fb></usr/share/texlive/texmf-dist/fonts/type1/public/amsfonts/cm/cmr7.pfb></usr
/share/texlive/texmf-dist/fonts/type1/public/amsfonts/cm/cmr8.pfb></usr/share/t
exlive/texmf-dist/fonts/type1/public/amsfonts/cm/cmr9.pfb></usr/share/texlive/t
exmf-dist/fonts/type1/public/amsfonts/cm/cmsy10.pfb></usr/share/texlive/texmf-d
ist/fonts/type1/public/amsfonts/cm/cmsy5.pfb></usr/share/texlive/texmf-dist/fon
ts/type1/public/amsfonts/cm/cmsy7.pfb></usr/share/texlive/texmf-dist/fonts/type
1/public/amsfonts/cm/cmsy9.pfb></usr/share/texlive/texmf-dist/fonts/type1/publi
c/amsfonts/cm/cmti10.pfb></usr/share/texlive/texmf-dist/fonts/type1/public/amsf
onts/cm/cmtt10.pfb></usr/share/texlive/texmf-dist/fonts/type1/public/amsfonts/e
uler/eufm10.pfb></usr/share/texlive/texmf-dist/fonts/type1/public/amsfonts/symb
ols/msam10.pfb></usr/share/texlive/texmf-dist/fonts/type1/public/amsfonts/symbo
ls/msam7.pfb></usr/share/texlive/texmf-dist/fonts/type1/public/amsfonts/symbols
/msbm10.pfb></usr/share/texlive/texmf-dist/fonts/type1/public/amsfonts/symbols/
msbm7.pfb>
Output written on direct-wavelet.pdf (30 pages, 1755323 bytes).
PDF statistics:
 431 PDF objects out of 1000 (max. 8388607)
 267 compressed objects within 3 object streams
 0 named destinations out of 1000 (max. 500000)
 141 words of extra memory for PDF output out of 10000 (max. 10000000)

